  [1m[36mDrink Load (1.4ms)[0m  [1mSELECT  "drinks".* FROM "drinks"  ORDER BY "drinks"."id" ASC LIMIT 1[0m
  [1m[35mDrink Load (0.7ms)[0m  SELECT  "drinks".* FROM "drinks"  ORDER BY "drinks"."id" ASC LIMIT 1
  [1m[36mTag Load (1.0ms)[0m  [1mSELECT "tags".* FROM "tags" INNER JOIN "drinks_tags" ON "tags"."id" = "drinks_tags"."tag_id" WHERE "drinks_tags"."drink_id" = $1[0m  [["drink_id", 1]]
  [1m[36mDrink Load (1.5ms)[0m  [1mSELECT  "drinks".* FROM "drinks"  ORDER BY "drinks"."id" ASC LIMIT 1[0m
  [1m[35mTag Load (1.0ms)[0m  SELECT "tags".* FROM "tags" INNER JOIN "drinks_tags" ON "tags"."id" = "drinks_tags"."tag_id" WHERE "drinks_tags"."drink_id" = $1  [["drink_id", 1]]


Started GET "/tags?id=1" for ::1 at 2016-04-22 18:01:49 -0700
  [1m[36mActiveRecord::SchemaMigration Load (3.7ms)[0m  [1mSELECT "schema_migrations".* FROM "schema_migrations"[0m
Processing by TagsController#index as HTML
  Parameters: {"id"=>"1"}
  [1m[35mTag Load (0.9ms)[0m  SELECT  "tags".* FROM "tags" WHERE "tags"."id" = $1 LIMIT 1  [["id", 1]]
  [1m[36mTag Load (1.0ms)[0m  [1mSELECT "tags".* FROM "tags" INNER JOIN "families" ON "tags"."id" = "families"."child_id" WHERE "families"."parent_id" = $1[0m  [["parent_id", 1]]
Completed 200 OK in 164ms (Views: 1.7ms | ActiveRecord: 9.0ms)


Started GET "/tags?id=3" for ::1 at 2016-04-22 19:15:22 -0700
Processing by TagsController#index as HTML
  Parameters: {"id"=>"3"}
  [1m[35mTag Load (0.6ms)[0m  SELECT  "tags".* FROM "tags" WHERE "tags"."id" = $1 LIMIT 1  [["id", 3]]
  [1m[36mTag Load (1.6ms)[0m  [1mSELECT "tags".* FROM "tags" INNER JOIN "families" ON "tags"."id" = "families"."child_id" WHERE "families"."parent_id" = $1[0m  [["parent_id", 3]]
Completed 500 Internal Server Error in 53ms (ActiveRecord: 7.4ms)

NameError (uninitialized constant TagsController::Drinks):
  app/controllers/tags_controller.rb:13:in `index'


  Rendered /Users/ianthorp/.rbenv/versions/2.2.4/lib/ruby/gems/2.2.0/gems/actionpack-4.2.6/lib/action_dispatch/middleware/templates/rescues/_source.erb (16.1ms)
  Rendered /Users/ianthorp/.rbenv/versions/2.2.4/lib/ruby/gems/2.2.0/gems/actionpack-4.2.6/lib/action_dispatch/middleware/templates/rescues/_trace.html.erb (3.2ms)
  Rendered /Users/ianthorp/.rbenv/versions/2.2.4/lib/ruby/gems/2.2.0/gems/actionpack-4.2.6/lib/action_dispatch/middleware/templates/rescues/_request_and_response.html.erb (2.3ms)
  Rendered /Users/ianthorp/.rbenv/versions/2.2.4/lib/ruby/gems/2.2.0/gems/actionpack-4.2.6/lib/action_dispatch/middleware/templates/rescues/diagnostics.html.erb within rescues/layout (101.5ms)
  Rendered /Users/ianthorp/.rbenv/versions/2.2.4/lib/ruby/gems/2.2.0/gems/web-console-2.3.0/lib/web_console/templates/_markup.html.erb (0.8ms)
  Rendered /Users/ianthorp/.rbenv/versions/2.2.4/lib/ruby/gems/2.2.0/gems/web-console-2.3.0/lib/web_console/templates/_inner_console_markup.html.erb within layouts/inlined_string (0.4ms)
  Rendered /Users/ianthorp/.rbenv/versions/2.2.4/lib/ruby/gems/2.2.0/gems/web-console-2.3.0/lib/web_console/templates/_prompt_box_markup.html.erb within layouts/inlined_string (0.4ms)
  Rendered /Users/ianthorp/.rbenv/versions/2.2.4/lib/ruby/gems/2.2.0/gems/web-console-2.3.0/lib/web_console/templates/style.css.erb within layouts/inlined_string (0.4ms)
  Rendered /Users/ianthorp/.rbenv/versions/2.2.4/lib/ruby/gems/2.2.0/gems/web-console-2.3.0/lib/web_console/templates/console.js.erb within layouts/javascript (634.6ms)
  Rendered /Users/ianthorp/.rbenv/versions/2.2.4/lib/ruby/gems/2.2.0/gems/web-console-2.3.0/lib/web_console/templates/main.js.erb within layouts/javascript (0.6ms)
  Rendered /Users/ianthorp/.rbenv/versions/2.2.4/lib/ruby/gems/2.2.0/gems/web-console-2.3.0/lib/web_console/templates/error_page.js.erb within layouts/javascript (0.5ms)
  Rendered /Users/ianthorp/.rbenv/versions/2.2.4/lib/ruby/gems/2.2.0/gems/web-console-2.3.0/lib/web_console/templates/index.html.erb (751.9ms)


Started GET "/tags?id=3" for ::1 at 2016-04-22 19:15:47 -0700
Processing by TagsController#index as HTML
  Parameters: {"id"=>"3"}
  [1m[35mTag Load (0.4ms)[0m  SELECT  "tags".* FROM "tags" WHERE "tags"."id" = $1 LIMIT 1  [["id", 3]]
  [1m[36mTag Load (0.5ms)[0m  [1mSELECT "tags".* FROM "tags" INNER JOIN "families" ON "tags"."id" = "families"."child_id" WHERE "families"."parent_id" = $1[0m  [["parent_id", 3]]
  [1m[35mDrink Load (3.9ms)[0m  SELECT "drinks".* FROM "drinks"
  [1m[36m (0.8ms)[0m  [1mSELECT "tags"."id" FROM "tags" INNER JOIN "drinks_tags" ON "tags"."id" = "drinks_tags"."tag_id" WHERE "drinks_tags"."drink_id" = $1[0m  [["drink_id", 1]]
Completed 500 Internal Server Error in 58ms (ActiveRecord: 13.6ms)

NoMethodError (undefined method `length=' for []:Array):
  app/controllers/tags_controller.rb:17:in `block in index'
  app/controllers/tags_controller.rb:14:in `index'


  Rendered /Users/ianthorp/.rbenv/versions/2.2.4/lib/ruby/gems/2.2.0/gems/actionpack-4.2.6/lib/action_dispatch/middleware/templates/rescues/_source.erb (5.1ms)
  Rendered /Users/ianthorp/.rbenv/versions/2.2.4/lib/ruby/gems/2.2.0/gems/actionpack-4.2.6/lib/action_dispatch/middleware/templates/rescues/_trace.html.erb (2.6ms)
  Rendered /Users/ianthorp/.rbenv/versions/2.2.4/lib/ruby/gems/2.2.0/gems/actionpack-4.2.6/lib/action_dispatch/middleware/templates/rescues/_request_and_response.html.erb (1.4ms)
  Rendered /Users/ianthorp/.rbenv/versions/2.2.4/lib/ruby/gems/2.2.0/gems/actionpack-4.2.6/lib/action_dispatch/middleware/templates/rescues/diagnostics.html.erb within rescues/layout (77.6ms)
  Rendered /Users/ianthorp/.rbenv/versions/2.2.4/lib/ruby/gems/2.2.0/gems/web-console-2.3.0/lib/web_console/templates/_markup.html.erb (0.5ms)
  Rendered /Users/ianthorp/.rbenv/versions/2.2.4/lib/ruby/gems/2.2.0/gems/web-console-2.3.0/lib/web_console/templates/_inner_console_markup.html.erb within layouts/inlined_string (0.9ms)
  Rendered /Users/ianthorp/.rbenv/versions/2.2.4/lib/ruby/gems/2.2.0/gems/web-console-2.3.0/lib/web_console/templates/_prompt_box_markup.html.erb within layouts/inlined_string (0.4ms)
  Rendered /Users/ianthorp/.rbenv/versions/2.2.4/lib/ruby/gems/2.2.0/gems/web-console-2.3.0/lib/web_console/templates/style.css.erb within layouts/inlined_string (0.3ms)
  Rendered /Users/ianthorp/.rbenv/versions/2.2.4/lib/ruby/gems/2.2.0/gems/web-console-2.3.0/lib/web_console/templates/console.js.erb within layouts/javascript (79.9ms)
  Rendered /Users/ianthorp/.rbenv/versions/2.2.4/lib/ruby/gems/2.2.0/gems/web-console-2.3.0/lib/web_console/templates/main.js.erb within layouts/javascript (0.3ms)
  Rendered /Users/ianthorp/.rbenv/versions/2.2.4/lib/ruby/gems/2.2.0/gems/web-console-2.3.0/lib/web_console/templates/error_page.js.erb within layouts/javascript (0.5ms)
  Rendered /Users/ianthorp/.rbenv/versions/2.2.4/lib/ruby/gems/2.2.0/gems/web-console-2.3.0/lib/web_console/templates/index.html.erb (167.5ms)


Started GET "/tags?id=1" for ::1 at 2016-04-22 19:16:01 -0700
Processing by TagsController#index as HTML
  Parameters: {"id"=>"1"}
  [1m[35mTag Load (0.3ms)[0m  SELECT  "tags".* FROM "tags" WHERE "tags"."id" = $1 LIMIT 1  [["id", 1]]
  [1m[36mTag Load (0.5ms)[0m  [1mSELECT "tags".* FROM "tags" INNER JOIN "families" ON "tags"."id" = "families"."child_id" WHERE "families"."parent_id" = $1[0m  [["parent_id", 1]]
Completed 200 OK in 4ms (Views: 0.8ms | ActiveRecord: 0.8ms)


Started GET "/tags?id=2" for ::1 at 2016-04-22 19:16:06 -0700
Processing by TagsController#index as HTML
  Parameters: {"id"=>"2"}
  [1m[35mTag Load (0.4ms)[0m  SELECT  "tags".* FROM "tags" WHERE "tags"."id" = $1 LIMIT 1  [["id", 2]]
  [1m[36mTag Load (0.5ms)[0m  [1mSELECT "tags".* FROM "tags" INNER JOIN "families" ON "tags"."id" = "families"."child_id" WHERE "families"."parent_id" = $1[0m  [["parent_id", 2]]
Completed 200 OK in 3ms (Views: 0.6ms | ActiveRecord: 0.8ms)


Started GET "/tags?id=3" for ::1 at 2016-04-22 19:16:11 -0700
Processing by TagsController#index as HTML
  Parameters: {"id"=>"3"}
  [1m[35mTag Load (0.4ms)[0m  SELECT  "tags".* FROM "tags" WHERE "tags"."id" = $1 LIMIT 1  [["id", 3]]
  [1m[36mTag Load (0.4ms)[0m  [1mSELECT "tags".* FROM "tags" INNER JOIN "families" ON "tags"."id" = "families"."child_id" WHERE "families"."parent_id" = $1[0m  [["parent_id", 3]]
  [1m[35mDrink Load (0.5ms)[0m  SELECT "drinks".* FROM "drinks"
  [1m[36m (0.7ms)[0m  [1mSELECT "tags"."id" FROM "tags" INNER JOIN "drinks_tags" ON "tags"."id" = "drinks_tags"."tag_id" WHERE "drinks_tags"."drink_id" = $1[0m  [["drink_id", 1]]
Completed 500 Internal Server Error in 8ms (ActiveRecord: 1.9ms)

NoMethodError (undefined method `length=' for []:Array):
  app/controllers/tags_controller.rb:17:in `block in index'
  app/controllers/tags_controller.rb:14:in `index'


  Rendered /Users/ianthorp/.rbenv/versions/2.2.4/lib/ruby/gems/2.2.0/gems/actionpack-4.2.6/lib/action_dispatch/middleware/templates/rescues/_source.erb (14.0ms)
  Rendered /Users/ianthorp/.rbenv/versions/2.2.4/lib/ruby/gems/2.2.0/gems/actionpack-4.2.6/lib/action_dispatch/middleware/templates/rescues/_trace.html.erb (3.2ms)
  Rendered /Users/ianthorp/.rbenv/versions/2.2.4/lib/ruby/gems/2.2.0/gems/actionpack-4.2.6/lib/action_dispatch/middleware/templates/rescues/_request_and_response.html.erb (1.7ms)
  Rendered /Users/ianthorp/.rbenv/versions/2.2.4/lib/ruby/gems/2.2.0/gems/actionpack-4.2.6/lib/action_dispatch/middleware/templates/rescues/diagnostics.html.erb within rescues/layout (93.8ms)
  Rendered /Users/ianthorp/.rbenv/versions/2.2.4/lib/ruby/gems/2.2.0/gems/web-console-2.3.0/lib/web_console/templates/_markup.html.erb (0.7ms)
  Rendered /Users/ianthorp/.rbenv/versions/2.2.4/lib/ruby/gems/2.2.0/gems/web-console-2.3.0/lib/web_console/templates/_inner_console_markup.html.erb within layouts/inlined_string (0.5ms)
  Rendered /Users/ianthorp/.rbenv/versions/2.2.4/lib/ruby/gems/2.2.0/gems/web-console-2.3.0/lib/web_console/templates/_prompt_box_markup.html.erb within layouts/inlined_string (0.3ms)
  Rendered /Users/ianthorp/.rbenv/versions/2.2.4/lib/ruby/gems/2.2.0/gems/web-console-2.3.0/lib/web_console/templates/style.css.erb within layouts/inlined_string (0.3ms)
  Rendered /Users/ianthorp/.rbenv/versions/2.2.4/lib/ruby/gems/2.2.0/gems/web-console-2.3.0/lib/web_console/templates/console.js.erb within layouts/javascript (73.6ms)
  Rendered /Users/ianthorp/.rbenv/versions/2.2.4/lib/ruby/gems/2.2.0/gems/web-console-2.3.0/lib/web_console/templates/main.js.erb within layouts/javascript (0.3ms)
  Rendered /Users/ianthorp/.rbenv/versions/2.2.4/lib/ruby/gems/2.2.0/gems/web-console-2.3.0/lib/web_console/templates/error_page.js.erb within layouts/javascript (1.0ms)
  Rendered /Users/ianthorp/.rbenv/versions/2.2.4/lib/ruby/gems/2.2.0/gems/web-console-2.3.0/lib/web_console/templates/index.html.erb (167.3ms)


Started GET "/tags?id=4" for ::1 at 2016-04-22 19:16:27 -0700
Processing by TagsController#index as HTML
  Parameters: {"id"=>"4"}
  [1m[35mTag Load (0.3ms)[0m  SELECT  "tags".* FROM "tags" WHERE "tags"."id" = $1 LIMIT 1  [["id", 4]]
  [1m[36mTag Load (0.3ms)[0m  [1mSELECT "tags".* FROM "tags" INNER JOIN "families" ON "tags"."id" = "families"."child_id" WHERE "families"."parent_id" = $1[0m  [["parent_id", 4]]
Completed 200 OK in 3ms (Views: 0.6ms | ActiveRecord: 0.6ms)


Started GET "/tags?id=5" for ::1 at 2016-04-22 19:16:33 -0700
Processing by TagsController#index as HTML
  Parameters: {"id"=>"5"}
  [1m[35mTag Load (0.3ms)[0m  SELECT  "tags".* FROM "tags" WHERE "tags"."id" = $1 LIMIT 1  [["id", 5]]
  [1m[36mTag Load (0.2ms)[0m  [1mSELECT "tags".* FROM "tags" INNER JOIN "families" ON "tags"."id" = "families"."child_id" WHERE "families"."parent_id" = $1[0m  [["parent_id", 5]]
  [1m[35mDrink Load (0.5ms)[0m  SELECT "drinks".* FROM "drinks"
  [1m[36m (0.5ms)[0m  [1mSELECT "tags"."id" FROM "tags" INNER JOIN "drinks_tags" ON "tags"."id" = "drinks_tags"."tag_id" WHERE "drinks_tags"."drink_id" = $1[0m  [["drink_id", 1]]
Completed 500 Internal Server Error in 7ms (ActiveRecord: 1.5ms)

NoMethodError (undefined method `length=' for []:Array):
  app/controllers/tags_controller.rb:17:in `block in index'
  app/controllers/tags_controller.rb:14:in `index'


  Rendered /Users/ianthorp/.rbenv/versions/2.2.4/lib/ruby/gems/2.2.0/gems/actionpack-4.2.6/lib/action_dispatch/middleware/templates/rescues/_source.erb (5.2ms)
  Rendered /Users/ianthorp/.rbenv/versions/2.2.4/lib/ruby/gems/2.2.0/gems/actionpack-4.2.6/lib/action_dispatch/middleware/templates/rescues/_trace.html.erb (4.3ms)
  Rendered /Users/ianthorp/.rbenv/versions/2.2.4/lib/ruby/gems/2.2.0/gems/actionpack-4.2.6/lib/action_dispatch/middleware/templates/rescues/_request_and_response.html.erb (1.3ms)
  Rendered /Users/ianthorp/.rbenv/versions/2.2.4/lib/ruby/gems/2.2.0/gems/actionpack-4.2.6/lib/action_dispatch/middleware/templates/rescues/diagnostics.html.erb within rescues/layout (82.2ms)
  Rendered /Users/ianthorp/.rbenv/versions/2.2.4/lib/ruby/gems/2.2.0/gems/web-console-2.3.0/lib/web_console/templates/_markup.html.erb (0.6ms)
  Rendered /Users/ianthorp/.rbenv/versions/2.2.4/lib/ruby/gems/2.2.0/gems/web-console-2.3.0/lib/web_console/templates/_inner_console_markup.html.erb within layouts/inlined_string (0.4ms)
  Rendered /Users/ianthorp/.rbenv/versions/2.2.4/lib/ruby/gems/2.2.0/gems/web-console-2.3.0/lib/web_console/templates/_prompt_box_markup.html.erb within layouts/inlined_string (0.4ms)
  Rendered /Users/ianthorp/.rbenv/versions/2.2.4/lib/ruby/gems/2.2.0/gems/web-console-2.3.0/lib/web_console/templates/style.css.erb within layouts/inlined_string (0.3ms)
  Rendered /Users/ianthorp/.rbenv/versions/2.2.4/lib/ruby/gems/2.2.0/gems/web-console-2.3.0/lib/web_console/templates/console.js.erb within layouts/javascript (77.2ms)
  Rendered /Users/ianthorp/.rbenv/versions/2.2.4/lib/ruby/gems/2.2.0/gems/web-console-2.3.0/lib/web_console/templates/main.js.erb within layouts/javascript (0.4ms)
  Rendered /Users/ianthorp/.rbenv/versions/2.2.4/lib/ruby/gems/2.2.0/gems/web-console-2.3.0/lib/web_console/templates/error_page.js.erb within layouts/javascript (0.7ms)
  Rendered /Users/ianthorp/.rbenv/versions/2.2.4/lib/ruby/gems/2.2.0/gems/web-console-2.3.0/lib/web_console/templates/index.html.erb (168.7ms)


Started GET "/tags?id=6" for ::1 at 2016-04-22 19:16:37 -0700
Processing by TagsController#index as HTML
  Parameters: {"id"=>"6"}
  [1m[35mTag Load (0.2ms)[0m  SELECT  "tags".* FROM "tags" WHERE "tags"."id" = $1 LIMIT 1  [["id", 6]]
  [1m[36mTag Load (0.2ms)[0m  [1mSELECT "tags".* FROM "tags" INNER JOIN "families" ON "tags"."id" = "families"."child_id" WHERE "families"."parent_id" = $1[0m  [["parent_id", 6]]
  [1m[35mDrink Load (0.5ms)[0m  SELECT "drinks".* FROM "drinks"
  [1m[36m (0.5ms)[0m  [1mSELECT "tags"."id" FROM "tags" INNER JOIN "drinks_tags" ON "tags"."id" = "drinks_tags"."tag_id" WHERE "drinks_tags"."drink_id" = $1[0m  [["drink_id", 1]]
Completed 500 Internal Server Error in 7ms (ActiveRecord: 1.5ms)

NoMethodError (undefined method `length=' for []:Array):
  app/controllers/tags_controller.rb:17:in `block in index'
  app/controllers/tags_controller.rb:14:in `index'


  Rendered /Users/ianthorp/.rbenv/versions/2.2.4/lib/ruby/gems/2.2.0/gems/actionpack-4.2.6/lib/action_dispatch/middleware/templates/rescues/_source.erb (5.6ms)
  Rendered /Users/ianthorp/.rbenv/versions/2.2.4/lib/ruby/gems/2.2.0/gems/actionpack-4.2.6/lib/action_dispatch/middleware/templates/rescues/_trace.html.erb (2.1ms)
  Rendered /Users/ianthorp/.rbenv/versions/2.2.4/lib/ruby/gems/2.2.0/gems/actionpack-4.2.6/lib/action_dispatch/middleware/templates/rescues/_request_and_response.html.erb (0.9ms)
  Rendered /Users/ianthorp/.rbenv/versions/2.2.4/lib/ruby/gems/2.2.0/gems/actionpack-4.2.6/lib/action_dispatch/middleware/templates/rescues/diagnostics.html.erb within rescues/layout (70.1ms)
  Rendered /Users/ianthorp/.rbenv/versions/2.2.4/lib/ruby/gems/2.2.0/gems/web-console-2.3.0/lib/web_console/templates/_markup.html.erb (0.3ms)
  Rendered /Users/ianthorp/.rbenv/versions/2.2.4/lib/ruby/gems/2.2.0/gems/web-console-2.3.0/lib/web_console/templates/_inner_console_markup.html.erb within layouts/inlined_string (0.3ms)
  Rendered /Users/ianthorp/.rbenv/versions/2.2.4/lib/ruby/gems/2.2.0/gems/web-console-2.3.0/lib/web_console/templates/_prompt_box_markup.html.erb within layouts/inlined_string (0.3ms)
  Rendered /Users/ianthorp/.rbenv/versions/2.2.4/lib/ruby/gems/2.2.0/gems/web-console-2.3.0/lib/web_console/templates/style.css.erb within layouts/inlined_string (0.5ms)
  Rendered /Users/ianthorp/.rbenv/versions/2.2.4/lib/ruby/gems/2.2.0/gems/web-console-2.3.0/lib/web_console/templates/console.js.erb within layouts/javascript (57.1ms)
  Rendered /Users/ianthorp/.rbenv/versions/2.2.4/lib/ruby/gems/2.2.0/gems/web-console-2.3.0/lib/web_console/templates/main.js.erb within layouts/javascript (0.5ms)
  Rendered /Users/ianthorp/.rbenv/versions/2.2.4/lib/ruby/gems/2.2.0/gems/web-console-2.3.0/lib/web_console/templates/error_page.js.erb within layouts/javascript (0.4ms)
  Rendered /Users/ianthorp/.rbenv/versions/2.2.4/lib/ruby/gems/2.2.0/gems/web-console-2.3.0/lib/web_console/templates/index.html.erb (127.0ms)


Started GET "/tags?id=7" for ::1 at 2016-04-22 19:16:40 -0700
Processing by TagsController#index as HTML
  Parameters: {"id"=>"7"}
  [1m[35mTag Load (0.2ms)[0m  SELECT  "tags".* FROM "tags" WHERE "tags"."id" = $1 LIMIT 1  [["id", 7]]
  [1m[36mTag Load (0.5ms)[0m  [1mSELECT "tags".* FROM "tags" INNER JOIN "families" ON "tags"."id" = "families"."child_id" WHERE "families"."parent_id" = $1[0m  [["parent_id", 7]]
Completed 200 OK in 4ms (Views: 0.7ms | ActiveRecord: 0.7ms)


Started GET "/tags?id=1" for ::1 at 2016-04-22 19:16:51 -0700
Processing by TagsController#index as HTML
  Parameters: {"id"=>"1"}
  [1m[35mTag Load (0.3ms)[0m  SELECT  "tags".* FROM "tags" WHERE "tags"."id" = $1 LIMIT 1  [["id", 1]]
  [1m[36mTag Load (0.3ms)[0m  [1mSELECT "tags".* FROM "tags" INNER JOIN "families" ON "tags"."id" = "families"."child_id" WHERE "families"."parent_id" = $1[0m  [["parent_id", 1]]
Completed 200 OK in 4ms (Views: 0.8ms | ActiveRecord: 0.6ms)


Started GET "/tags?id=3" for ::1 at 2016-04-22 19:17:04 -0700
Processing by TagsController#index as HTML
  Parameters: {"id"=>"3"}
  [1m[35mTag Load (0.2ms)[0m  SELECT  "tags".* FROM "tags" WHERE "tags"."id" = $1 LIMIT 1  [["id", 3]]
  [1m[36mTag Load (0.2ms)[0m  [1mSELECT "tags".* FROM "tags" INNER JOIN "families" ON "tags"."id" = "families"."child_id" WHERE "families"."parent_id" = $1[0m  [["parent_id", 3]]
  [1m[35mDrink Load (0.5ms)[0m  SELECT "drinks".* FROM "drinks"
  [1m[36m (0.8ms)[0m  [1mSELECT "tags"."id" FROM "tags" INNER JOIN "drinks_tags" ON "tags"."id" = "drinks_tags"."tag_id" WHERE "drinks_tags"."drink_id" = $1[0m  [["drink_id", 1]]
Completed 500 Internal Server Error in 7ms (ActiveRecord: 1.8ms)

NoMethodError (undefined method `length=' for []:Array):
  app/controllers/tags_controller.rb:17:in `block in index'
  app/controllers/tags_controller.rb:14:in `index'


  Rendered /Users/ianthorp/.rbenv/versions/2.2.4/lib/ruby/gems/2.2.0/gems/actionpack-4.2.6/lib/action_dispatch/middleware/templates/rescues/_source.erb (4.0ms)
  Rendered /Users/ianthorp/.rbenv/versions/2.2.4/lib/ruby/gems/2.2.0/gems/actionpack-4.2.6/lib/action_dispatch/middleware/templates/rescues/_trace.html.erb (2.0ms)
  Rendered /Users/ianthorp/.rbenv/versions/2.2.4/lib/ruby/gems/2.2.0/gems/actionpack-4.2.6/lib/action_dispatch/middleware/templates/rescues/_request_and_response.html.erb (0.8ms)
  Rendered /Users/ianthorp/.rbenv/versions/2.2.4/lib/ruby/gems/2.2.0/gems/actionpack-4.2.6/lib/action_dispatch/middleware/templates/rescues/diagnostics.html.erb within rescues/layout (65.3ms)
  Rendered /Users/ianthorp/.rbenv/versions/2.2.4/lib/ruby/gems/2.2.0/gems/web-console-2.3.0/lib/web_console/templates/_markup.html.erb (5.3ms)
  Rendered /Users/ianthorp/.rbenv/versions/2.2.4/lib/ruby/gems/2.2.0/gems/web-console-2.3.0/lib/web_console/templates/_inner_console_markup.html.erb within layouts/inlined_string (0.4ms)
  Rendered /Users/ianthorp/.rbenv/versions/2.2.4/lib/ruby/gems/2.2.0/gems/web-console-2.3.0/lib/web_console/templates/_prompt_box_markup.html.erb within layouts/inlined_string (0.5ms)
  Rendered /Users/ianthorp/.rbenv/versions/2.2.4/lib/ruby/gems/2.2.0/gems/web-console-2.3.0/lib/web_console/templates/style.css.erb within layouts/inlined_string (0.4ms)
  Rendered /Users/ianthorp/.rbenv/versions/2.2.4/lib/ruby/gems/2.2.0/gems/web-console-2.3.0/lib/web_console/templates/console.js.erb within layouts/javascript (61.8ms)
  Rendered /Users/ianthorp/.rbenv/versions/2.2.4/lib/ruby/gems/2.2.0/gems/web-console-2.3.0/lib/web_console/templates/main.js.erb within layouts/javascript (0.3ms)
  Rendered /Users/ianthorp/.rbenv/versions/2.2.4/lib/ruby/gems/2.2.0/gems/web-console-2.3.0/lib/web_console/templates/error_page.js.erb within layouts/javascript (0.6ms)
  Rendered /Users/ianthorp/.rbenv/versions/2.2.4/lib/ruby/gems/2.2.0/gems/web-console-2.3.0/lib/web_console/templates/index.html.erb (142.5ms)
